{"content": {"suites": {"0": {"status": {"total_pass": 0, "total_skip": 0, "total_xpass": 0, "total_xfail": 0, "total_rerun": 0, "total_fail": 2, "total_error": 0}, "tests": {"0": {"status": "FAIL", "message": "   selenium.common.exceptions.InvalidSelectorException: Message: invalid selector\n   from javascript error: {\"status\":32,\"value\":\"Unable to locate an element with the xpath expression akulaakhil2808@gmail.com because of the following error:\\nSyntaxError: Failed to execute 'evaluate' on 'Document': The string 'akulaakhil2808@gmail.com' is not a valid XPath expression.\"}\n     (Session info: chrome=127.0.6533.88); For documentation on this error, please visit: https://www.selenium.dev/documentation/webdriver/troubleshooting/errors#invalid-selector-exception\n   Stacktrace:\n   #0 0x592e23b3a71a <unknown>\n   #1 0x592e2380b640 <unknown>\n   #2 0x592e238114cf <unknown>\n   #3 0x592e238130f5 <unknown>\n   #4 0x592e2381317c <unknown>\n   #5 0x592e2385a8bc <unknown>\n   #6 0x592e2385aef1 <unknown>\n   #7 0x592e2389eb64 <unknown>\n   #8 0x592e2387d90d <unknown>\n   #9 0x592e2389c08a <unknown>\n   #10 0x592e2387d683 <unknown>\n   #11 0x592e2384dd71 <unknown>\n   #12 0x592e2384e7de <unknown>\n   #13 0x592e23b022ab <unknown>\n   #14 0x592e23b06242 <unknown>\n   #15 0x592e23aef665 <unknown>\n   #16 0x592e23b06dd2 <unknown>\n   #17 0x592e23ad42af <unknown>\n   #18 0x592e23b29eb8 <unknown>\n   #19 0x592e23b2a090 <unknown>\n   #20 0x592e23b394ec <unknown>\n   #21 0x712753494ac3 <unknown>\n", "test_name": "test_login", "rerun": "0"}, "1": {"status": "FAIL", "message": "   selenium.common.exceptions.InvalidSelectorException: Message: invalid selector\n   from javascript error: {\"status\":32,\"value\":\"Unable to locate an element with the xpath expression akulaakhil2808@gmail.com because of the following error:\\nSyntaxError: Failed to execute 'evaluate' on 'Document': The string 'akulaakhil2808@gmail.com' is not a valid XPath expression.\"}\n     (Session info: chrome=127.0.6533.88); For documentation on this error, please visit: https://www.selenium.dev/documentation/webdriver/troubleshooting/errors#invalid-selector-exception\n   Stacktrace:\n   #0 0x640fc52e471a <unknown>\n   #1 0x640fc4fb5640 <unknown>\n   #2 0x640fc4fbb4cf <unknown>\n   #3 0x640fc4fbd0f5 <unknown>\n   #4 0x640fc4fbd17c <unknown>\n   #5 0x640fc50048bc <unknown>\n   #6 0x640fc5004ef1 <unknown>\n   #7 0x640fc5048b64 <unknown>\n   #8 0x640fc502790d <unknown>\n   #9 0x640fc504608a <unknown>\n   #10 0x640fc5027683 <unknown>\n   #11 0x640fc4ff7d71 <unknown>\n   #12 0x640fc4ff87de <unknown>\n   #13 0x640fc52ac2ab <unknown>\n   #14 0x640fc52b0242 <unknown>\n   #15 0x640fc5299665 <unknown>\n   #16 0x640fc52b0dd2 <unknown>\n   #17 0x640fc527e2af <unknown>\n   #18 0x640fc52d3eb8 <unknown>\n   #19 0x640fc52d4090 <unknown>\n   #20 0x640fc52e34ec <unknown>\n   #21 0x770269c94ac3 <unknown>\n", "test_name": "test_wrong_login", "rerun": "0"}}, "suite_name": "test_SignIn.py"}}}, "date": "August 01, 2024", "start_time": 1722509760.6916733, "total_suite": 1, "status": "FAIL", "status_list": {"pass": "0", "fail": "2", "skip": "0", "error": "0", "xpass": "0", "xfail": "0", "rerun": "0"}, "total_tests": "2"}