{"content": {"suites": {"0": {"status": {"total_pass": 0, "total_skip": 0, "total_xpass": 0, "total_xfail": 0, "total_rerun": 0, "total_fail": 2, "total_error": 0}, "tests": {"0": {"status": "FAIL", "message": "       AssertionError: login failed\n       assert 'https://candymapper.com/m/account' == ('https://candymapper.com/m/account', 'Login failed')\n        +  where 'https://candymapper.com/m/account' = <selenium.webdriver.chrome.webdriver.WebDriver (session=\"0867a84be3934157c1f43f858f353970\")>.current_url\n        +    where <selenium.webdriver.chrome.webdriver.WebDriver (session=\"0867a84be3934157c1f43f858f353970\")> = <test.test_SignIn.TestSignin testMethod=test_login>.driver\n        +  and   ('https://candymapper.com/m/account', 'Login failed') = SuccessUrl.login_pass\n       AssertionError: Code error\n       assert 1 == 0\n", "test_name": "test_login", "rerun": "0"}, "1": {"status": "FAIL", "message": "   selenium.common.exceptions.NoSuchElementException: Message: no such element: Unable to locate element: {\"method\":\"xpath\",\"selector\":\"//*[@id=\"bs-6\"]/span/div/div/div/form/div[1]/input\"}\n     (Session info: chrome=127.0.6533.88); For documentation on this error, please visit: https://www.selenium.dev/documentation/webdriver/troubleshooting/errors#no-such-element-exception\n   Stacktrace:\n   #0 0x5e988415571a <unknown>\n   #1 0x5e9883e26640 <unknown>\n   #2 0x5e9883e75c0b <unknown>\n   #3 0x5e9883e75ef1 <unknown>\n   #4 0x5e9883eb9b64 <unknown>\n   #5 0x5e9883e9890d <unknown>\n   #6 0x5e9883eb708a <unknown>\n   #7 0x5e9883e98683 <unknown>\n   #8 0x5e9883e68d71 <unknown>\n   #9 0x5e9883e697de <unknown>\n   #10 0x5e988411d2ab <unknown>\n   #11 0x5e9884121242 <unknown>\n   #12 0x5e988410a665 <unknown>\n   #13 0x5e9884121dd2 <unknown>\n   #14 0x5e98840ef2af <unknown>\n   #15 0x5e9884144eb8 <unknown>\n   #16 0x5e9884145090 <unknown>\n   #17 0x5e98841544ec <unknown>\n   #18 0x785892094ac3 <unknown>\n       AssertionError: Code error\n       assert 1 == 0\n", "test_name": "test_wrong_login", "rerun": "0"}}, "suite_name": "test_SignIn.py"}}}, "date": "August 01, 2024", "start_time": 1722511608.074381, "total_suite": 1, "status": "FAIL", "status_list": {"pass": "0", "fail": "2", "skip": "0", "error": "0", "xpass": "0", "xfail": "0", "rerun": "0"}, "total_tests": "2"}