{"content": {"suites": {"0": {"status": {"total_pass": 0, "total_skip": 0, "total_xpass": 0, "total_xfail": 0, "total_rerun": 0, "total_fail": 1, "total_error": 0}, "tests": {"0": {"status": "FAIL", "message": "   selenium.common.exceptions.NoSuchElementException: Message: no such element: Unable to locate element: {\"method\":\"xpath\",\"selector\":\"//*[@id=\"bs-8\"]/span/div/div/div/form/div[1]/div/div/input\"}\n     (Session info: chrome=127.0.6533.88); For documentation on this error, please visit: https://www.selenium.dev/documentation/webdriver/troubleshooting/errors#no-such-element-exception\n   Stacktrace:\n   #0 0x5aa2165ee71a <unknown>\n   #1 0x5aa2162bf640 <unknown>\n   #2 0x5aa21630ec0b <unknown>\n   #3 0x5aa21630eef1 <unknown>\n   #4 0x5aa216352b64 <unknown>\n   #5 0x5aa21633190d <unknown>\n   #6 0x5aa21635008a <unknown>\n   #7 0x5aa216331683 <unknown>\n   #8 0x5aa216301d71 <unknown>\n   #9 0x5aa2163027de <unknown>\n   #10 0x5aa2165b62ab <unknown>\n   #11 0x5aa2165ba242 <unknown>\n   #12 0x5aa2165a3665 <unknown>\n   #13 0x5aa2165badd2 <unknown>\n   #14 0x5aa2165882af <unknown>\n   #15 0x5aa2165ddeb8 <unknown>\n   #16 0x5aa2165de090 <unknown>\n   #17 0x5aa2165ed4ec <unknown>\n   #18 0x741d43c94ac3 <unknown>\n       AssertionError: Something went wrong\n       assert 1 == 0\n", "test_name": "test_home_page", "rerun": "0"}}, "suite_name": "test_home_page.py"}}}, "date": "August 03, 2024", "start_time": 1722669527.5237648, "total_suite": 1, "status": "FAIL", "status_list": {"pass": "0", "fail": "1", "skip": "0", "error": "0", "xpass": "0", "xfail": "0", "rerun": "0"}, "total_tests": "1"}