{"content": {"suites": {"0": {"status": {"total_pass": 0, "total_skip": 0, "total_xpass": 0, "total_xfail": 0, "total_rerun": 0, "total_fail": 1, "total_error": 0}, "tests": {"0": {"status": "FAIL", "message": "   selenium.common.exceptions.NoSuchElementException: Message: no such element: Unable to locate element: {\"method\":\"xpath\",\"selector\":\"//*[@id=\"bs-8\"]/span/div/div/div/form/div[1]/div/div/input\"}\n     (Session info: chrome=127.0.6533.88); For documentation on this error, please visit: https://www.selenium.dev/documentation/webdriver/troubleshooting/errors#no-such-element-exception\n   Stacktrace:\n   #0 0x6455a37d771a <unknown>\n   #1 0x6455a34a8640 <unknown>\n   #2 0x6455a34f7c0b <unknown>\n   #3 0x6455a34f7ef1 <unknown>\n   #4 0x6455a353bb64 <unknown>\n   #5 0x6455a351a90d <unknown>\n   #6 0x6455a353908a <unknown>\n   #7 0x6455a351a683 <unknown>\n   #8 0x6455a34ead71 <unknown>\n   #9 0x6455a34eb7de <unknown>\n   #10 0x6455a379f2ab <unknown>\n   #11 0x6455a37a3242 <unknown>\n   #12 0x6455a378c665 <unknown>\n   #13 0x6455a37a3dd2 <unknown>\n   #14 0x6455a37712af <unknown>\n   #15 0x6455a37c6eb8 <unknown>\n   #16 0x6455a37c7090 <unknown>\n   #17 0x6455a37d64ec <unknown>\n   #18 0x6ffc9e894ac3 <unknown>\n       AssertionError: Something went wrong\n       assert 1 == 0\n", "test_name": "test_home_page", "rerun": "0"}}, "suite_name": "test_home_page.py"}}}, "date": "August 03, 2024", "start_time": 1722669588.1456044, "total_suite": 1, "status": "FAIL", "status_list": {"pass": "0", "fail": "1", "skip": "0", "error": "0", "xpass": "0", "xfail": "0", "rerun": "0"}, "total_tests": "1"}