{"content": {"suites": {"0": {"status": {"total_pass": 4, "total_skip": 0, "total_xpass": 0, "total_xfail": 0, "total_rerun": 0, "total_fail": 0, "total_error": 0}, "tests": {"0": {"status": "PASS", "message": "", "test_name": "test_attend_party", "rerun": "0"}, "1": {"status": "PASS", "message": "", "test_name": "test_attend_party_goback", "rerun": "0"}, "2": {"status": "PASS", "message": "", "test_name": "test_attend_theme_ghost", "rerun": "0"}, "3": {"status": "PASS", "message": "", "test_name": "test_attend_theme_zombie", "rerun": "0"}}, "suite_name": "test_attend_halloween_party.py"}, "1": {"suite_name": "test_close_popup.py", "tests": {"0": {"status": "PASS", "message": "", "test_name": "test_closePopUp", "rerun": "0"}}, "status": {"total_pass": 1, "total_skip": 0, "total_xpass": 0, "total_xfail": 0, "total_rerun": 0, "total_fail": 0, "total_error": 0}}, "2": {"suite_name": "test_create_account.py", "tests": {"0": {"status": "FAIL", "message": "   selenium.common.exceptions.NoSuchElementException: Message: no such element: Unable to locate element: {\"method\":\"xpath\",\"selector\":\"//*[@id=\"bs-6\"]/span/div/h1/span\"}\n     (Session info: chrome=127.0.6533.88); For documentation on this error, please visit: https://www.selenium.dev/documentation/webdriver/troubleshooting/errors#no-such-element-exception\n   Stacktrace:\n   #0 0x5b45e3b0371a <unknown>\n   #1 0x5b45e37d4640 <unknown>\n   #2 0x5b45e3823c0b <unknown>\n   #3 0x5b45e3823ef1 <unknown>\n   #4 0x5b45e3867b64 <unknown>\n   #5 0x5b45e384690d <unknown>\n   #6 0x5b45e386508a <unknown>\n   #7 0x5b45e3846683 <unknown>\n   #8 0x5b45e3816d71 <unknown>\n   #9 0x5b45e38177de <unknown>\n   #10 0x5b45e3acb2ab <unknown>\n   #11 0x5b45e3acf242 <unknown>\n   #12 0x5b45e3ab8665 <unknown>\n   #13 0x5b45e3acfdd2 <unknown>\n   #14 0x5b45e3a9d2af <unknown>\n   #15 0x5b45e3af2eb8 <unknown>\n   #16 0x5b45e3af3090 <unknown>\n   #17 0x5b45e3b024ec <unknown>\n   #18 0x75d2b5694ac3 <unknown>\n       AssertionError: Something went wrong\n       assert 1 == 0\n", "test_name": "test_create_account", "rerun": "0"}}, "status": {"total_pass": 0, "total_skip": 0, "total_xpass": 0, "total_xfail": 0, "total_rerun": 0, "total_fail": 1, "total_error": 0}}, "3": {"suite_name": "test_host_halloween_party.py", "tests": {"0": {"status": "PASS", "message": "", "test_name": "test_halloween_access", "rerun": "0"}, "1": {"status": "PASS", "message": "", "test_name": "test_hosting_party", "rerun": "0"}, "2": {"status": "PASS", "message": "", "test_name": "test_theme_ghost", "rerun": "0"}, "3": {"status": "PASS", "message": "", "test_name": "test_theme_zombie", "rerun": "0"}}, "status": {"total_pass": 4, "total_skip": 0, "total_xpass": 0, "total_xfail": 0, "total_rerun": 0, "total_fail": 0, "total_error": 0}}, "4": {"suite_name": "test_join_us.py", "tests": {"0": {"status": "PASS", "message": "", "test_name": "test_join_us_loggedOut", "rerun": "0"}, "1": {"status": "PASS", "message": "", "test_name": "test_join_us_login", "rerun": "0"}}, "status": {"total_pass": 2, "total_skip": 0, "total_xpass": 0, "total_xfail": 0, "total_rerun": 0, "total_fail": 0, "total_error": 0}}, "5": {"suite_name": "test_login.py", "tests": {"0": {"status": "PASS", "message": "", "test_name": "test_login", "rerun": "0"}, "1": {"status": "FAIL", "message": "   selenium.common.exceptions.NoSuchElementException: Message: no such element: Unable to locate element: {\"method\":\"xpath\",\"selector\":\"//*[@id=\"bs-6\"]/span/div/h1/span\"}\n     (Session info: chrome=127.0.6533.88); For documentation on this error, please visit: https://www.selenium.dev/documentation/webdriver/troubleshooting/errors#no-such-element-exception\n   Stacktrace:\n   #0 0x58a9f857f71a <unknown>\n   #1 0x58a9f8250640 <unknown>\n   #2 0x58a9f829fc0b <unknown>\n   #3 0x58a9f829fef1 <unknown>\n   #4 0x58a9f82e3b64 <unknown>\n   #5 0x58a9f82c290d <unknown>\n   #6 0x58a9f82e108a <unknown>\n   #7 0x58a9f82c2683 <unknown>\n   #8 0x58a9f8292d71 <unknown>\n   #9 0x58a9f82937de <unknown>\n   #10 0x58a9f85472ab <unknown>\n   #11 0x58a9f854b242 <unknown>\n   #12 0x58a9f8534665 <unknown>\n   #13 0x58a9f854bdd2 <unknown>\n   #14 0x58a9f85192af <unknown>\n   #15 0x58a9f856eeb8 <unknown>\n   #16 0x58a9f856f090 <unknown>\n   #17 0x58a9f857e4ec <unknown>\n   #18 0x71032d894ac3 <unknown>\n       AssertionError: Login failed\n       assert 1 == 0\n", "test_name": "test_wrong_login", "rerun": "0"}}, "status": {"total_pass": 1, "total_skip": 0, "total_xpass": 0, "total_xfail": 0, "total_rerun": 0, "total_fail": 1, "total_error": 0}}, "6": {"suite_name": "test_logout.py", "tests": {"0": {"status": "PASS", "message": "", "test_name": "test_logout", "rerun": "0"}}, "status": {"total_pass": 1, "total_skip": 0, "total_xpass": 0, "total_xfail": 0, "total_rerun": 0, "total_fail": 0, "total_error": 0}}, "7": {"suite_name": "test_more_access.py", "tests": {"0": {"status": "FAIL", "message": "   selenium.common.exceptions.ElementNotInteractableException: Message: element not interactable\n     (Session info: chrome=127.0.6533.88)\n   Stacktrace:\n   #0 0x5ba80686371a <unknown>\n   #1 0x5ba806534481 <unknown>\n   #2 0x5ba806584eef <unknown>\n   #3 0x5ba806578c26 <unknown>\n   #4 0x5ba8065a68e2 <unknown>\n   #5 0x5ba8065785d9 <unknown>\n   #6 0x5ba8065a6aae <unknown>\n   #7 0x5ba8065c508a <unknown>\n   #8 0x5ba8065a6683 <unknown>\n   #9 0x5ba806576d71 <unknown>\n   #10 0x5ba8065777de <unknown>\n   #11 0x5ba80682b2ab <unknown>\n   #12 0x5ba80682f242 <unknown>\n   #13 0x5ba806818665 <unknown>\n   #14 0x5ba80682fdd2 <unknown>\n   #15 0x5ba8067fd2af <unknown>\n   #16 0x5ba806852eb8 <unknown>\n   #17 0x5ba806853090 <unknown>\n   #18 0x5ba8068624ec <unknown>\n   #19 0x7834e6a94ac3 <unknown>\n       AssertionError: Something went wrong\n       assert 1 == 0\n", "test_name": "test_automation_sandbox", "rerun": "0"}, "1": {"status": "PASS", "message": "", "test_name": "test_find_my_candy", "rerun": "0"}, "2": {"status": "FAIL", "message": "   selenium.common.exceptions.ElementNotInteractableException: Message: element not interactable\n     (Session info: chrome=127.0.6533.88)\n   Stacktrace:\n   #0 0x55c1f52dd71a <unknown>\n   #1 0x55c1f4fae481 <unknown>\n   #2 0x55c1f4ffeeef <unknown>\n   #3 0x55c1f4ff2c26 <unknown>\n   #4 0x55c1f50208e2 <unknown>\n   #5 0x55c1f4ff25d9 <unknown>\n   #6 0x55c1f5020aae <unknown>\n   #7 0x55c1f503f08a <unknown>\n   #8 0x55c1f5020683 <unknown>\n   #9 0x55c1f4ff0d71 <unknown>\n   #10 0x55c1f4ff17de <unknown>\n   #11 0x55c1f52a52ab <unknown>\n   #12 0x55c1f52a9242 <unknown>\n   #13 0x55c1f5292665 <unknown>\n   #14 0x55c1f52a9dd2 <unknown>\n   #15 0x55c1f52772af <unknown>\n   #16 0x55c1f52cceb8 <unknown>\n   #17 0x55c1f52cd090 <unknown>\n   #18 0x55c1f52dc4ec <unknown>\n   #19 0x7cea3f294ac3 <unknown>\n       AssertionError: Something went wrong\n       assert 1 == 0\n", "test_name": "test_graveyard_golfing", "rerun": "0"}, "3": {"status": "PASS", "message": "", "test_name": "test_magic_object_model", "rerun": "0"}, "4": {"status": "PASS", "message": "", "test_name": "test_packet_publishing", "rerun": "0"}, "5": {"status": "PASS", "message": "", "test_name": "test_sandbox_tool", "rerun": "0"}, "6": {"status": "PASS", "message": "", "test_name": "test_vampire_blog", "rerun": "0"}}, "status": {"total_pass": 5, "total_skip": 0, "total_xpass": 0, "total_xfail": 0, "total_rerun": 0, "total_fail": 2, "total_error": 0}}, "8": {"suite_name": "test_myAccount.py", "tests": {"0": {"status": "PASS", "message": "", "test_name": "test_myAccount", "rerun": "0"}}, "status": {"total_pass": 1, "total_skip": 0, "total_xpass": 0, "total_xfail": 0, "total_rerun": 0, "total_fail": 0, "total_error": 0}}, "9": {"suite_name": "test_reset_pwd.py", "tests": {"0": {"status": "PASS", "message": "", "test_name": "test_reset_pwd", "rerun": "0"}, "1": {"status": "PASS", "message": "", "test_name": "test_wrng_reset_pwd", "rerun": "0"}}, "status": {"total_pass": 2, "total_skip": 0, "total_xpass": 0, "total_xfail": 0, "total_rerun": 0, "total_fail": 0, "total_error": 0}}}}, "date": "August 03, 2024", "start_time": 1722663322.684786, "total_suite": 10, "status": "FAIL", "status_list": {"pass": "21", "fail": "4", "skip": "0", "error": "0", "xpass": "0", "xfail": "0", "rerun": "0"}, "total_tests": "25"}