{"content": {"suites": {"0": {"status": {"total_pass": 0, "total_skip": 0, "total_xpass": 0, "total_xfail": 0, "total_rerun": 0, "total_fail": 2, "total_error": 0}, "tests": {"0": {"status": "FAIL", "message": "   selenium.common.exceptions.InvalidSelectorException: Message: invalid selector\n   from javascript error: {\"status\":32,\"value\":\"Unable to locate an element with the xpath expression akulaakhil2808@gmail.com because of the following error:\\nSyntaxError: Failed to execute 'evaluate' on 'Document': The string 'akulaakhil2808@gmail.com' is not a valid XPath expression.\"}\n     (Session info: chrome=127.0.6533.88); For documentation on this error, please visit: https://www.selenium.dev/documentation/webdriver/troubleshooting/errors#invalid-selector-exception\n   Stacktrace:\n   #0 0x5a86ec8cf71a <unknown>\n   #1 0x5a86ec5a0640 <unknown>\n   #2 0x5a86ec5a64cf <unknown>\n   #3 0x5a86ec5a80f5 <unknown>\n   #4 0x5a86ec5a817c <unknown>\n   #5 0x5a86ec5ef8bc <unknown>\n   #6 0x5a86ec5efef1 <unknown>\n   #7 0x5a86ec633b64 <unknown>\n   #8 0x5a86ec61290d <unknown>\n   #9 0x5a86ec63108a <unknown>\n   #10 0x5a86ec612683 <unknown>\n   #11 0x5a86ec5e2d71 <unknown>\n   #12 0x5a86ec5e37de <unknown>\n   #13 0x5a86ec8972ab <unknown>\n   #14 0x5a86ec89b242 <unknown>\n   #15 0x5a86ec884665 <unknown>\n   #16 0x5a86ec89bdd2 <unknown>\n   #17 0x5a86ec8692af <unknown>\n   #18 0x5a86ec8beeb8 <unknown>\n   #19 0x5a86ec8bf090 <unknown>\n   #20 0x5a86ec8ce4ec <unknown>\n   #21 0x713bcdc94ac3 <unknown>\n", "test_name": "test_login", "rerun": "0"}, "1": {"status": "FAIL", "message": "   selenium.common.exceptions.InvalidSelectorException: Message: invalid selector\n   from javascript error: {\"status\":32,\"value\":\"Unable to locate an element with the xpath expression akulaakhil2808@gmail.com because of the following error:\\nSyntaxError: Failed to execute 'evaluate' on 'Document': The string 'akulaakhil2808@gmail.com' is not a valid XPath expression.\"}\n     (Session info: chrome=127.0.6533.88); For documentation on this error, please visit: https://www.selenium.dev/documentation/webdriver/troubleshooting/errors#invalid-selector-exception\n   Stacktrace:\n   #0 0x5957a0cb671a <unknown>\n   #1 0x5957a0987640 <unknown>\n   #2 0x5957a098d4cf <unknown>\n   #3 0x5957a098f0f5 <unknown>\n   #4 0x5957a098f17c <unknown>\n   #5 0x5957a09d68bc <unknown>\n   #6 0x5957a09d6ef1 <unknown>\n   #7 0x5957a0a1ab64 <unknown>\n   #8 0x5957a09f990d <unknown>\n   #9 0x5957a0a1808a <unknown>\n   #10 0x5957a09f9683 <unknown>\n   #11 0x5957a09c9d71 <unknown>\n   #12 0x5957a09ca7de <unknown>\n   #13 0x5957a0c7e2ab <unknown>\n   #14 0x5957a0c82242 <unknown>\n   #15 0x5957a0c6b665 <unknown>\n   #16 0x5957a0c82dd2 <unknown>\n   #17 0x5957a0c502af <unknown>\n   #18 0x5957a0ca5eb8 <unknown>\n   #19 0x5957a0ca6090 <unknown>\n   #20 0x5957a0cb54ec <unknown>\n   #21 0x7f449e694ac3 <unknown>\n", "test_name": "test_wrong_login", "rerun": "0"}}, "suite_name": "test_SignIn.py"}}}, "date": "August 01, 2024", "start_time": 1722509812.2938411, "total_suite": 1, "status": "FAIL", "status_list": {"pass": "0", "fail": "2", "skip": "0", "error": "0", "xpass": "0", "xfail": "0", "rerun": "0"}, "total_tests": "2"}