{"content": {"suites": {"0": {"status": {"total_pass": 1, "total_skip": 0, "total_xpass": 0, "total_xfail": 0, "total_rerun": 0, "total_fail": 4, "total_error": 0}, "tests": {"0": {"status": "PASS", "message": "", "test_name": "test_automation_sandbox", "rerun": "0"}, "1": {"status": "FAIL", "message": "   socket.gaierror: [Errno -3] Temporary failure in name resolution\n       urllib3.exceptions.NameResolutionError: <urllib3.connection.HTTPSConnection object at 0x73122084a710>: Failed to resolve 'googlechromelabs.github.io' ([Errno -3] Temporary failure in name resolution)\n       urllib3.exceptions.MaxRetryError: HTTPSConnectionPool(host='googlechromelabs.github.io', port=443): Max retries exceeded with url: /chrome-for-testing/latest-patch-versions-per-build.json (Caused by NameResolutionError(\"<urllib3.connection.HTTPSConnection object at 0x73122084a710>: Failed to resolve 'googlechromelabs.github.io' ([Errno -3] Temporary failure in name resolution)\"))\n       requests.exceptions.ConnectionError: HTTPSConnectionPool(host='googlechromelabs.github.io', port=443): Max retries exceeded with url: /chrome-for-testing/latest-patch-versions-per-build.json (Caused by NameResolutionError(\"<urllib3.connection.HTTPSConnection object at 0x73122084a710>: Failed to resolve 'googlechromelabs.github.io' ([Errno -3] Temporary failure in name resolution)\"))\n       requests.exceptions.ConnectionError: Could not reach host. Are you offline?\n", "test_name": "test_find_my_candy", "rerun": "0"}, "2": {"status": "FAIL", "message": "   selenium.common.exceptions.ElementNotInteractableException: Message: element not interactable\n     (Session info: chrome=127.0.6533.88)\n   Stacktrace:\n   #0 0x5f86a2c3e71a <unknown>\n   #1 0x5f86a290f481 <unknown>\n   #2 0x5f86a295feef <unknown>\n   #3 0x5f86a2953c26 <unknown>\n   #4 0x5f86a29818e2 <unknown>\n   #5 0x5f86a29535d9 <unknown>\n   #6 0x5f86a2981aae <unknown>\n   #7 0x5f86a29a008a <unknown>\n   #8 0x5f86a2981683 <unknown>\n   #9 0x5f86a2951d71 <unknown>\n   #10 0x5f86a29527de <unknown>\n   #11 0x5f86a2c062ab <unknown>\n   #12 0x5f86a2c0a242 <unknown>\n   #13 0x5f86a2bf3665 <unknown>\n   #14 0x5f86a2c0add2 <unknown>\n   #15 0x5f86a2bd82af <unknown>\n   #16 0x5f86a2c2deb8 <unknown>\n   #17 0x5f86a2c2e090 <unknown>\n   #18 0x5f86a2c3d4ec <unknown>\n   #19 0x7acbde094ac3 <unknown>\n", "test_name": "test_graveyard_golfing", "rerun": "0"}, "3": {"status": "FAIL", "message": "   selenium.common.exceptions.NoSuchWindowException: Message: no such window: target window already closed\n   from unknown error: web view not found\n     (Session info: chrome=127.0.6533.88)\n   Stacktrace:\n   #0 0x572ed23f571a <unknown>\n   #1 0x572ed20c6640 <unknown>\n   #2 0x572ed209be14 <unknown>\n   #3 0x572ed2140f8d <unknown>\n   #4 0x572ed215690d <unknown>\n   #5 0x572ed2138683 <unknown>\n   #6 0x572ed2108d71 <unknown>\n   #7 0x572ed21097de <unknown>\n   #8 0x572ed23bd2ab <unknown>\n   #9 0x572ed23c1242 <unknown>\n   #10 0x572ed23aa665 <unknown>\n   #11 0x572ed23c1dd2 <unknown>\n   #12 0x572ed238f2af <unknown>\n   #13 0x572ed23e4eb8 <unknown>\n   #14 0x572ed23e5090 <unknown>\n   #15 0x572ed23f44ec <unknown>\n   #16 0x7bb3cfe94ac3 <unknown>\n", "test_name": "test_magic_object_model", "rerun": "0"}, "4": {"status": "FAIL", "message": "   selenium.common.exceptions.WebDriverException: Message: target frame detached: received Inspector.detached event\n     (failed to check if window was closed: disconnected: not connected to DevTools)\n     (Session info: chrome=127.0.6533.88)\n   Stacktrace:\n   #0 0x62696f79b71a <unknown>\n   #1 0x62696f46c640 <unknown>\n   #2 0x62696f455d9d <unknown>\n   #3 0x62696f454c26 <unknown>\n   #4 0x62696f45439f <unknown>\n   #5 0x62696f454292 <unknown>\n   #6 0x62696f4525ac <unknown>\n   #7 0x62696f452a9f <unknown>\n   #8 0x62696f46260b <unknown>\n   #9 0x62696f4789a4 <unknown>\n   #10 0x62696f47e03b <unknown>\n   #11 0x62696f4531ae <unknown>\n   #12 0x62696f4784f1 <unknown>\n   #13 0x62696f4fd2f3 <unknown>\n   #14 0x62696f4de683 <unknown>\n   #15 0x62696f4aed71 <unknown>\n   #16 0x62696f4af7de <unknown>\n   #17 0x62696f7632ab <unknown>\n   #18 0x62696f767242 <unknown>\n   #19 0x62696f750665 <unknown>\n   #20 0x62696f767dd2 <unknown>\n   #21 0x62696f7352af <unknown>\n   #22 0x62696f78aeb8 <unknown>\n   #23 0x62696f78b090 <unknown>\n   #24 0x62696f79a4ec <unknown>\n   #25 0x7dacb1c94ac3 <unknown>\n", "test_name": "test_packet_publishing", "rerun": "0"}}, "suite_name": "test_packet_publishing.py"}}}, "date": "August 02, 2024", "start_time": 1722594788.1207619, "total_suite": 1, "status": "FAIL", "status_list": {"pass": "1", "fail": "4", "skip": "0", "error": "0", "xpass": "0", "xfail": "0", "rerun": "0"}, "total_tests": "5"}