{"content": {"suites": {"0": {"status": {"total_pass": 0, "total_skip": 0, "total_xpass": 0, "total_xfail": 0, "total_rerun": 0, "total_fail": 2, "total_error": 0}, "tests": {"0": {"status": "FAIL", "message": "   selenium.common.exceptions.NoSuchElementException: Message: no such element: Unable to locate element: {\"method\":\"xpath\",\"selector\":\"//*[@id=\"82195fd0-49b8-4d90-832e-4f73457f5f71\"]/div/section/div/div/div[2]/div/div/div/h1\"}\n     (Session info: chrome=127.0.6533.88); For documentation on this error, please visit: https://www.selenium.dev/documentation/webdriver/troubleshooting/errors#no-such-element-exception\n   Stacktrace:\n   #0 0x561e5efd771a <unknown>\n   #1 0x561e5eca8640 <unknown>\n   #2 0x561e5ecf7c0b <unknown>\n   #3 0x561e5ecf7ef1 <unknown>\n   #4 0x561e5ed3bb64 <unknown>\n   #5 0x561e5ed1a90d <unknown>\n   #6 0x561e5ed3908a <unknown>\n   #7 0x561e5ed1a683 <unknown>\n   #8 0x561e5ecead71 <unknown>\n   #9 0x561e5eceb7de <unknown>\n   #10 0x561e5ef9f2ab <unknown>\n   #11 0x561e5efa3242 <unknown>\n   #12 0x561e5ef8c665 <unknown>\n   #13 0x561e5efa3dd2 <unknown>\n   #14 0x561e5ef712af <unknown>\n   #15 0x561e5efc6eb8 <unknown>\n   #16 0x561e5efc7090 <unknown>\n   #17 0x561e5efd64ec <unknown>\n   #18 0x7c7bda094ac3 <unknown>\n", "test_name": "test_join_us_loggedOut", "rerun": "0"}, "1": {"status": "FAIL", "message": "   selenium.common.exceptions.NoSuchElementException: Message: no such element: Unable to locate element: {\"method\":\"css selector\",\"selector\":\"[id=\"popup-widget238491-close-icon\"]\"}\n     (Session info: chrome=127.0.6533.88); For documentation on this error, please visit: https://www.selenium.dev/documentation/webdriver/troubleshooting/errors#no-such-element-exception\n   Stacktrace:\n   #0 0x60ce23bae71a <unknown>\n   #1 0x60ce2387f640 <unknown>\n   #2 0x60ce238cec0b <unknown>\n   #3 0x60ce238ceef1 <unknown>\n   #4 0x60ce23912b64 <unknown>\n   #5 0x60ce238f190d <unknown>\n   #6 0x60ce2391008a <unknown>\n   #7 0x60ce238f1683 <unknown>\n   #8 0x60ce238c1d71 <unknown>\n   #9 0x60ce238c27de <unknown>\n   #10 0x60ce23b762ab <unknown>\n   #11 0x60ce23b7a242 <unknown>\n   #12 0x60ce23b63665 <unknown>\n   #13 0x60ce23b7add2 <unknown>\n   #14 0x60ce23b482af <unknown>\n   #15 0x60ce23b9deb8 <unknown>\n   #16 0x60ce23b9e090 <unknown>\n   #17 0x60ce23bad4ec <unknown>\n   #18 0x787553894ac3 <unknown>\n", "test_name": "test_join_us_login", "rerun": "0"}}, "suite_name": "test_join_us.py"}}}, "date": "August 02, 2024", "start_time": 1722576173.1431744, "total_suite": 1, "status": "FAIL", "status_list": {"pass": "0", "fail": "2", "skip": "0", "error": "0", "xpass": "0", "xfail": "0", "rerun": "0"}, "total_tests": "2"}