{"content": {"suites": {"0": {"status": {"total_pass": 0, "total_skip": 0, "total_xpass": 0, "total_xfail": 0, "total_rerun": 0, "total_fail": 2, "total_error": 0}, "tests": {"0": {"status": "FAIL", "message": "   selenium.common.exceptions.NoSuchElementException: Message: no such element: Unable to locate element: {\"method\":\"xpath\",\"selector\":\"//*[@id=\"82195fd0-49b8-4d90-832e-4f73457f5f71\"]/div/section/div/div/div[2]/div/div/div/h1\"}\n     (Session info: chrome=127.0.6533.88); For documentation on this error, please visit: https://www.selenium.dev/documentation/webdriver/troubleshooting/errors#no-such-element-exception\n   Stacktrace:\n   #0 0x5f0cbc84971a <unknown>\n   #1 0x5f0cbc51a640 <unknown>\n   #2 0x5f0cbc569c0b <unknown>\n   #3 0x5f0cbc569ef1 <unknown>\n   #4 0x5f0cbc5adb64 <unknown>\n   #5 0x5f0cbc58c90d <unknown>\n   #6 0x5f0cbc5ab08a <unknown>\n   #7 0x5f0cbc58c683 <unknown>\n   #8 0x5f0cbc55cd71 <unknown>\n   #9 0x5f0cbc55d7de <unknown>\n   #10 0x5f0cbc8112ab <unknown>\n   #11 0x5f0cbc815242 <unknown>\n   #12 0x5f0cbc7fe665 <unknown>\n   #13 0x5f0cbc815dd2 <unknown>\n   #14 0x5f0cbc7e32af <unknown>\n   #15 0x5f0cbc838eb8 <unknown>\n   #16 0x5f0cbc839090 <unknown>\n   #17 0x5f0cbc8484ec <unknown>\n   #18 0x74ac9e294ac3 <unknown>\n", "test_name": "test_join_us_loggedOut", "rerun": "0"}, "1": {"status": "FAIL", "message": "   selenium.common.exceptions.NoSuchElementException: Message: no such element: Unable to locate element: {\"method\":\"xpath\",\"selector\":\"//*[@id=\"82195fd0-49b8-4d90-832e-4f73457f5f71\"]/div/section/div/div/div[2]/div/div/div/h1\"}\n     (Session info: chrome=127.0.6533.88); For documentation on this error, please visit: https://www.selenium.dev/documentation/webdriver/troubleshooting/errors#no-such-element-exception\n   Stacktrace:\n   #0 0x573430a5371a <unknown>\n   #1 0x573430724640 <unknown>\n   #2 0x573430773c0b <unknown>\n   #3 0x573430773ef1 <unknown>\n   #4 0x5734307b7b64 <unknown>\n   #5 0x57343079690d <unknown>\n   #6 0x5734307b508a <unknown>\n   #7 0x573430796683 <unknown>\n   #8 0x573430766d71 <unknown>\n   #9 0x5734307677de <unknown>\n   #10 0x573430a1b2ab <unknown>\n   #11 0x573430a1f242 <unknown>\n   #12 0x573430a08665 <unknown>\n   #13 0x573430a1fdd2 <unknown>\n   #14 0x5734309ed2af <unknown>\n   #15 0x573430a42eb8 <unknown>\n   #16 0x573430a43090 <unknown>\n   #17 0x573430a524ec <unknown>\n   #18 0x74200be94ac3 <unknown>\n", "test_name": "test_join_us_login", "rerun": "0"}}, "suite_name": "test_join_us.py"}}}, "date": "August 02, 2024", "start_time": 1722576555.7502537, "total_suite": 1, "status": "FAIL", "status_list": {"pass": "0", "fail": "2", "skip": "0", "error": "0", "xpass": "0", "xfail": "0", "rerun": "0"}, "total_tests": "2"}