{"content": {"suites": {"0": {"status": {"total_pass": 4, "total_skip": 0, "total_xpass": 0, "total_xfail": 0, "total_rerun": 0, "total_fail": 0, "total_error": 0}, "tests": {"0": {"status": "PASS", "message": "", "test_name": "test_attend_party", "rerun": "0"}, "1": {"status": "PASS", "message": "", "test_name": "test_attend_party_goback", "rerun": "0"}, "2": {"status": "PASS", "message": "", "test_name": "test_attend_theme_ghost", "rerun": "0"}, "3": {"status": "PASS", "message": "", "test_name": "test_attend_theme_zombie", "rerun": "0"}}, "suite_name": "test_attend_halloween_party.py"}, "1": {"suite_name": "test_close_popup.py", "tests": {"0": {"status": "PASS", "message": "", "test_name": "test_closePopUp", "rerun": "0"}}, "status": {"total_pass": 1, "total_skip": 0, "total_xpass": 0, "total_xfail": 0, "total_rerun": 0, "total_fail": 0, "total_error": 0}}, "2": {"suite_name": "test_create_account.py", "tests": {"0": {"status": "FAIL", "message": "   selenium.common.exceptions.ElementNotInteractableException: Message: element not interactable\n     (Session info: chrome=127.0.6533.88)\n   Stacktrace:\n   #0 0x5fb59910e71a <unknown>\n   #1 0x5fb598ddf481 <unknown>\n   #2 0x5fb598e2feef <unknown>\n   #3 0x5fb598e23c26 <unknown>\n   #4 0x5fb598e518e2 <unknown>\n   #5 0x5fb598e235d9 <unknown>\n   #6 0x5fb598e51aae <unknown>\n   #7 0x5fb598e7008a <unknown>\n   #8 0x5fb598e51683 <unknown>\n   #9 0x5fb598e21d71 <unknown>\n   #10 0x5fb598e227de <unknown>\n   #11 0x5fb5990d62ab <unknown>\n   #12 0x5fb5990da242 <unknown>\n   #13 0x5fb5990c3665 <unknown>\n   #14 0x5fb5990dadd2 <unknown>\n   #15 0x5fb5990a82af <unknown>\n   #16 0x5fb5990fdeb8 <unknown>\n   #17 0x5fb5990fe090 <unknown>\n   #18 0x5fb59910d4ec <unknown>\n   #19 0x7d6139294ac3 <unknown>\n", "test_name": "test_create_account", "rerun": "0"}}, "status": {"total_pass": 0, "total_skip": 0, "total_xpass": 0, "total_xfail": 0, "total_rerun": 0, "total_fail": 1, "total_error": 0}}, "3": {"suite_name": "test_host_halloween_party.py", "tests": {"0": {"status": "PASS", "message": "", "test_name": "test_halloween_access", "rerun": "0"}, "1": {"status": "PASS", "message": "", "test_name": "test_hosting_party", "rerun": "0"}, "2": {"status": "PASS", "message": "", "test_name": "test_theme_ghost", "rerun": "0"}, "3": {"status": "FAIL", "message": "   selenium.common.exceptions.NoSuchElementException: Message: no such element: Unable to locate element: {\"method\":\"css selector\",\"selector\":\"[id=\"popup-widget238491-close-icon\"]\"}\n     (Session info: chrome=127.0.6533.88); For documentation on this error, please visit: https://www.selenium.dev/documentation/webdriver/troubleshooting/errors#no-such-element-exception\n   Stacktrace:\n   #0 0x5c73809c771a <unknown>\n   #1 0x5c7380698640 <unknown>\n   #2 0x5c73806e7c0b <unknown>\n   #3 0x5c73806e7ef1 <unknown>\n   #4 0x5c738072bb64 <unknown>\n   #5 0x5c738070a90d <unknown>\n   #6 0x5c738072908a <unknown>\n   #7 0x5c738070a683 <unknown>\n   #8 0x5c73806dad71 <unknown>\n   #9 0x5c73806db7de <unknown>\n   #10 0x5c738098f2ab <unknown>\n   #11 0x5c7380993242 <unknown>\n   #12 0x5c738097c665 <unknown>\n   #13 0x5c7380993dd2 <unknown>\n   #14 0x5c73809612af <unknown>\n   #15 0x5c73809b6eb8 <unknown>\n   #16 0x5c73809b7090 <unknown>\n   #17 0x5c73809c64ec <unknown>\n   #18 0x789014494ac3 <unknown>\n", "test_name": "test_theme_zombie", "rerun": "0"}}, "status": {"total_pass": 3, "total_skip": 0, "total_xpass": 0, "total_xfail": 0, "total_rerun": 0, "total_fail": 1, "total_error": 0}}, "4": {"suite_name": "test_join_us.py", "tests": {"0": {"status": "PASS", "message": "", "test_name": "test_join_us_loggedOut", "rerun": "0"}, "1": {"status": "PASS", "message": "", "test_name": "test_join_us_login", "rerun": "0"}}, "status": {"total_pass": 2, "total_skip": 0, "total_xpass": 0, "total_xfail": 0, "total_rerun": 0, "total_fail": 0, "total_error": 0}}, "5": {"suite_name": "test_login.py", "tests": {"0": {"status": "PASS", "message": "", "test_name": "test_login", "rerun": "0"}, "1": {"status": "FAIL", "message": "   selenium.common.exceptions.NoSuchElementException: Message: no such element: Unable to locate element: {\"method\":\"css selector\",\"selector\":\"[id=\"popup-widget238491-close-icon\"]\"}\n     (Session info: chrome=127.0.6533.88); For documentation on this error, please visit: https://www.selenium.dev/documentation/webdriver/troubleshooting/errors#no-such-element-exception\n   Stacktrace:\n   #0 0x6372b89e871a <unknown>\n   #1 0x6372b86b9640 <unknown>\n   #2 0x6372b8708c0b <unknown>\n   #3 0x6372b8708ef1 <unknown>\n   #4 0x6372b874cb64 <unknown>\n   #5 0x6372b872b90d <unknown>\n   #6 0x6372b874a08a <unknown>\n   #7 0x6372b872b683 <unknown>\n   #8 0x6372b86fbd71 <unknown>\n   #9 0x6372b86fc7de <unknown>\n   #10 0x6372b89b02ab <unknown>\n   #11 0x6372b89b4242 <unknown>\n   #12 0x6372b899d665 <unknown>\n   #13 0x6372b89b4dd2 <unknown>\n   #14 0x6372b89822af <unknown>\n   #15 0x6372b89d7eb8 <unknown>\n   #16 0x6372b89d8090 <unknown>\n   #17 0x6372b89e74ec <unknown>\n   #18 0x7de4d1094ac3 <unknown>\n       AssertionError: Login failed\n       assert 1 == 0\n", "test_name": "test_wrong_login", "rerun": "0"}}, "status": {"total_pass": 1, "total_skip": 0, "total_xpass": 0, "total_xfail": 0, "total_rerun": 0, "total_fail": 1, "total_error": 0}}, "6": {"suite_name": "test_logout.py", "tests": {"0": {"status": "FAIL", "message": "   selenium.common.exceptions.NoSuchElementException: Message: no such element: Unable to locate element: {\"method\":\"xpath\",\"selector\":\"//*[@id=\"4\"]\"}\n     (Session info: chrome=127.0.6533.88); For documentation on this error, please visit: https://www.selenium.dev/documentation/webdriver/troubleshooting/errors#no-such-element-exception\n   Stacktrace:\n   #0 0x59eaf1db771a <unknown>\n   #1 0x59eaf1a88640 <unknown>\n   #2 0x59eaf1ad7c0b <unknown>\n   #3 0x59eaf1ad7ef1 <unknown>\n   #4 0x59eaf1b1bb64 <unknown>\n   #5 0x59eaf1afa90d <unknown>\n   #6 0x59eaf1b1908a <unknown>\n   #7 0x59eaf1afa683 <unknown>\n   #8 0x59eaf1acad71 <unknown>\n   #9 0x59eaf1acb7de <unknown>\n   #10 0x59eaf1d7f2ab <unknown>\n   #11 0x59eaf1d83242 <unknown>\n   #12 0x59eaf1d6c665 <unknown>\n   #13 0x59eaf1d83dd2 <unknown>\n   #14 0x59eaf1d512af <unknown>\n   #15 0x59eaf1da6eb8 <unknown>\n   #16 0x59eaf1da7090 <unknown>\n   #17 0x59eaf1db64ec <unknown>\n   #18 0x6fff96c94ac3 <unknown>\n", "test_name": "test_logout", "rerun": "0"}}, "status": {"total_pass": 0, "total_skip": 0, "total_xpass": 0, "total_xfail": 0, "total_rerun": 0, "total_fail": 1, "total_error": 0}}, "7": {"suite_name": "test_more_access.py", "tests": {"0": {"status": "PASS", "message": "", "test_name": "test_automation_sandbox", "rerun": "0"}, "1": {"status": "FAIL", "message": "   selenium.common.exceptions.NoSuchElementException: Message: no such element: Unable to locate element: {\"method\":\"xpath\",\"selector\":\"//*[@id=\"bs-3\"]/span/a\"}\n     (Session info: chrome=127.0.6533.88); For documentation on this error, please visit: https://www.selenium.dev/documentation/webdriver/troubleshooting/errors#no-such-element-exception\n   Stacktrace:\n   #0 0x57de420f971a <unknown>\n   #1 0x57de41dca640 <unknown>\n   #2 0x57de41e19c0b <unknown>\n   #3 0x57de41e19ef1 <unknown>\n   #4 0x57de41e5db64 <unknown>\n   #5 0x57de41e3c90d <unknown>\n   #6 0x57de41e5b08a <unknown>\n   #7 0x57de41e3c683 <unknown>\n   #8 0x57de41e0cd71 <unknown>\n   #9 0x57de41e0d7de <unknown>\n   #10 0x57de420c12ab <unknown>\n   #11 0x57de420c5242 <unknown>\n   #12 0x57de420ae665 <unknown>\n   #13 0x57de420c5dd2 <unknown>\n   #14 0x57de420932af <unknown>\n   #15 0x57de420e8eb8 <unknown>\n   #16 0x57de420e9090 <unknown>\n   #17 0x57de420f84ec <unknown>\n   #18 0x718ca8694ac3 <unknown>\n       AssertionError: Something went wrong\n       assert 1 == 0\n", "test_name": "test_find_my_candy", "rerun": "0"}, "2": {"status": "PASS", "message": "", "test_name": "test_graveyard_golfing", "rerun": "0"}, "3": {"status": "PASS", "message": "", "test_name": "test_magic_object_model", "rerun": "0"}, "4": {"status": "PASS", "message": "", "test_name": "test_packet_publishing", "rerun": "0"}, "5": {"status": "PASS", "message": "", "test_name": "test_sandbox_tool", "rerun": "0"}, "6": {"status": "PASS", "message": "", "test_name": "test_vampire_blog", "rerun": "0"}}, "status": {"total_pass": 6, "total_skip": 0, "total_xpass": 0, "total_xfail": 0, "total_rerun": 0, "total_fail": 1, "total_error": 0}}, "8": {"suite_name": "test_myAccount.py", "tests": {"0": {"status": "FAIL", "message": "   selenium.common.exceptions.ElementNotInteractableException: Message: element not interactable\n     (Session info: chrome=127.0.6533.88)\n   Stacktrace:\n   #0 0x61dfc31bb71a <unknown>\n   #1 0x61dfc2e8c481 <unknown>\n   #2 0x61dfc2edceef <unknown>\n   #3 0x61dfc2ed0c26 <unknown>\n   #4 0x61dfc2efe8e2 <unknown>\n   #5 0x61dfc2ed05d9 <unknown>\n   #6 0x61dfc2efeaae <unknown>\n   #7 0x61dfc2f1d08a <unknown>\n   #8 0x61dfc2efe683 <unknown>\n   #9 0x61dfc2eced71 <unknown>\n   #10 0x61dfc2ecf7de <unknown>\n   #11 0x61dfc31832ab <unknown>\n   #12 0x61dfc3187242 <unknown>\n   #13 0x61dfc3170665 <unknown>\n   #14 0x61dfc3187dd2 <unknown>\n   #15 0x61dfc31552af <unknown>\n   #16 0x61dfc31aaeb8 <unknown>\n   #17 0x61dfc31ab090 <unknown>\n   #18 0x61dfc31ba4ec <unknown>\n   #19 0x785f27894ac3 <unknown>\n", "test_name": "test_myAccount", "rerun": "0"}}, "status": {"total_pass": 0, "total_skip": 0, "total_xpass": 0, "total_xfail": 0, "total_rerun": 0, "total_fail": 1, "total_error": 0}}, "9": {"suite_name": "test_reset_pwd.py", "tests": {"0": {"status": "FAIL", "message": "       NameError: name 'Sign_in' is not defined\n       AssertionError: Error\n       assert 1 == 0\n", "test_name": "test_reset_pwd", "rerun": "0"}, "1": {"status": "FAIL", "message": "   selenium.common.exceptions.NoSuchElementException: Message: no such element: Unable to locate element: {\"method\":\"xpath\",\"selector\":\"//*[@id=\"bs-6\"]/span/div/div/div/form/div[4]/a\"}\n     (Session info: chrome=127.0.6533.88); For documentation on this error, please visit: https://www.selenium.dev/documentation/webdriver/troubleshooting/errors#no-such-element-exception\n   Stacktrace:\n   #0 0x5ba5b2c1d71a <unknown>\n   #1 0x5ba5b28ee640 <unknown>\n   #2 0x5ba5b293dc0b <unknown>\n   #3 0x5ba5b293def1 <unknown>\n   #4 0x5ba5b2981b64 <unknown>\n   #5 0x5ba5b296090d <unknown>\n   #6 0x5ba5b297f08a <unknown>\n   #7 0x5ba5b2960683 <unknown>\n   #8 0x5ba5b2930d71 <unknown>\n   #9 0x5ba5b29317de <unknown>\n   #10 0x5ba5b2be52ab <unknown>\n   #11 0x5ba5b2be9242 <unknown>\n   #12 0x5ba5b2bd2665 <unknown>\n   #13 0x5ba5b2be9dd2 <unknown>\n   #14 0x5ba5b2bb72af <unknown>\n   #15 0x5ba5b2c0ceb8 <unknown>\n   #16 0x5ba5b2c0d090 <unknown>\n   #17 0x5ba5b2c1c4ec <unknown>\n   #18 0x7a722d294ac3 <unknown>\n       AssertionError: Error\n       assert 1 == 0\n", "test_name": "test_wrng_reset_pwd", "rerun": "0"}}, "status": {"total_pass": 0, "total_skip": 0, "total_xpass": 0, "total_xfail": 0, "total_rerun": 0, "total_fail": 2, "total_error": 0}}}}, "date": "August 03, 2024", "start_time": 1722659532.7248578, "total_suite": 10, "status": "FAIL", "status_list": {"pass": "17", "fail": "8", "skip": "0", "error": "0", "xpass": "0", "xfail": "0", "rerun": "0"}, "total_tests": "25"}