{"content": {"suites": {"0": {"status": {"total_pass": 0, "total_skip": 0, "total_xpass": 0, "total_xfail": 0, "total_rerun": 0, "total_fail": 2, "total_error": 0}, "tests": {"0": {"status": "FAIL", "message": "       AttributeError: 'str' object has no attribute 'text'\n       AssertionError: Code error\n       assert 1 == 0\n", "test_name": "test_login", "rerun": "0"}, "1": {"status": "FAIL", "message": "   selenium.common.exceptions.StaleElementReferenceException: Message: stale element reference: stale element not found\n     (Session info: chrome=127.0.6533.88); For documentation on this error, please visit: https://www.selenium.dev/documentation/webdriver/troubleshooting/errors#stale-element-reference-exception\n   Stacktrace:\n   #0 0x62cdefaca71a <unknown>\n   #1 0x62cdef79b640 <unknown>\n   #2 0x62cdef7ab940 <unknown>\n   #3 0x62cdef7ac27a <unknown>\n   #4 0x62cdef7a1db5 <unknown>\n   #5 0x62cdef7a0019 <unknown>\n   #6 0x62cdef7a30f5 <unknown>\n   #7 0x62cdef7a317c <unknown>\n   #8 0x62cdef7ec96a <unknown>\n   #9 0x62cdef7dfae4 <unknown>\n   #10 0x62cdef80d8e2 <unknown>\n   #11 0x62cdef7df5d9 <unknown>\n   #12 0x62cdef80daae <unknown>\n   #13 0x62cdef82c08a <unknown>\n   #14 0x62cdef80d683 <unknown>\n   #15 0x62cdef7ddd71 <unknown>\n   #16 0x62cdef7de7de <unknown>\n   #17 0x62cdefa922ab <unknown>\n   #18 0x62cdefa96242 <unknown>\n   #19 0x62cdefa7f665 <unknown>\n   #20 0x62cdefa96dd2 <unknown>\n   #21 0x62cdefa642af <unknown>\n   #22 0x62cdefab9eb8 <unknown>\n   #23 0x62cdefaba090 <unknown>\n   #24 0x62cdefac94ec <unknown>\n   #25 0x77eaf3694ac3 <unknown>\n       AssertionError: Code error\n       assert 1 == 0\n", "test_name": "test_wrong_login", "rerun": "0"}}, "suite_name": "test_SignIn.py"}}}, "date": "August 01, 2024", "start_time": 1722511892.874654, "total_suite": 1, "status": "FAIL", "status_list": {"pass": "0", "fail": "2", "skip": "0", "error": "0", "xpass": "0", "xfail": "0", "rerun": "0"}, "total_tests": "2"}