{"content": {"suites": {"0": {"status": {"total_pass": 0, "total_skip": 0, "total_xpass": 0, "total_xfail": 0, "total_rerun": 0, "total_fail": 2, "total_error": 0}, "tests": {"0": {"status": "FAIL", "message": "   selenium.common.exceptions.NoSuchElementException: Message: no such element: Unable to locate element: {\"method\":\"xpath\",\"selector\":\"//*[@id=\"4\"]\"}\n     (Session info: chrome=127.0.6533.88); For documentation on this error, please visit: https://www.selenium.dev/documentation/webdriver/troubleshooting/errors#no-such-element-exception\n   Stacktrace:\n   #0 0x5abbcd42e71a <unknown>\n   #1 0x5abbcd0ff640 <unknown>\n   #2 0x5abbcd14ec0b <unknown>\n   #3 0x5abbcd14eef1 <unknown>\n   #4 0x5abbcd192b64 <unknown>\n   #5 0x5abbcd17190d <unknown>\n   #6 0x5abbcd19008a <unknown>\n   #7 0x5abbcd171683 <unknown>\n   #8 0x5abbcd141d71 <unknown>\n   #9 0x5abbcd1427de <unknown>\n   #10 0x5abbcd3f62ab <unknown>\n   #11 0x5abbcd3fa242 <unknown>\n   #12 0x5abbcd3e3665 <unknown>\n   #13 0x5abbcd3fadd2 <unknown>\n   #14 0x5abbcd3c82af <unknown>\n   #15 0x5abbcd41deb8 <unknown>\n   #16 0x5abbcd41e090 <unknown>\n   #17 0x5abbcd42d4ec <unknown>\n   #18 0x75968f694ac3 <unknown>\n       AssertionError: Login failed\n       assert 1 == 0\n", "test_name": "test_login", "rerun": "0"}, "1": {"status": "FAIL", "message": "   AssertionError: Login failed\n       AssertionError: Login failed\n       assert 1 == 0\n", "test_name": "test_wrong_login", "rerun": "0"}}, "suite_name": "test_SignIn.py"}}}, "date": "August 01, 2024", "start_time": 1722510749.3252146, "total_suite": 1, "status": "FAIL", "status_list": {"pass": "0", "fail": "2", "skip": "0", "error": "0", "xpass": "0", "xfail": "0", "rerun": "0"}, "total_tests": "2"}