{"content": {"suites": {"0": {"status": {"total_pass": 1, "total_skip": 0, "total_xpass": 0, "total_xfail": 0, "total_rerun": 0, "total_fail": 1, "total_error": 0}, "tests": {"0": {"status": "PASS", "message": "", "test_name": "test_login", "rerun": "0"}, "1": {"status": "FAIL", "message": "   selenium.common.exceptions.NoSuchElementException: Message: no such element: Unable to locate element: {\"method\":\"xpath\",\"selector\":\"//*[@id=\"4\"]\"}\n     (Session info: chrome=127.0.6533.88); For documentation on this error, please visit: https://www.selenium.dev/documentation/webdriver/troubleshooting/errors#no-such-element-exception\n   Stacktrace:\n   #0 0x646b178ac71a <unknown>\n   #1 0x646b1757d640 <unknown>\n   #2 0x646b175ccc0b <unknown>\n   #3 0x646b175ccef1 <unknown>\n   #4 0x646b17610b64 <unknown>\n   #5 0x646b175ef90d <unknown>\n   #6 0x646b1760e08a <unknown>\n   #7 0x646b175ef683 <unknown>\n   #8 0x646b175bfd71 <unknown>\n   #9 0x646b175c07de <unknown>\n   #10 0x646b178742ab <unknown>\n   #11 0x646b17878242 <unknown>\n   #12 0x646b17861665 <unknown>\n   #13 0x646b17878dd2 <unknown>\n   #14 0x646b178462af <unknown>\n   #15 0x646b1789beb8 <unknown>\n   #16 0x646b1789c090 <unknown>\n   #17 0x646b178ab4ec <unknown>\n   #18 0x725306294ac3 <unknown>\n       AssertionError: Login failed\n       assert 1 == 0\n", "test_name": "test_wrong_login", "rerun": "0"}}, "suite_name": "test_SignIn.py"}}}, "date": "August 01, 2024", "start_time": 1722512029.9512308, "total_suite": 1, "status": "FAIL", "status_list": {"pass": "1", "fail": "1", "skip": "0", "error": "0", "xpass": "0", "xfail": "0", "rerun": "0"}, "total_tests": "2"}