{"content": {"suites": {"0": {"status": {"total_pass": 0, "total_skip": 0, "total_xpass": 0, "total_xfail": 0, "total_rerun": 0, "total_fail": 1, "total_error": 0}, "tests": {"0": {"status": "FAIL", "message": "   selenium.common.exceptions.NoSuchElementException: Message: no such element: Unable to locate element: {\"method\":\"xpath\",\"selector\":\"//*[@id=\"bs-8\"]/span/div/div/div/form/div[1]/div/div/input\"}\n     (Session info: chrome=127.0.6533.88); For documentation on this error, please visit: https://www.selenium.dev/documentation/webdriver/troubleshooting/errors#no-such-element-exception\n   Stacktrace:\n   #0 0x63efe465d71a <unknown>\n   #1 0x63efe432e640 <unknown>\n   #2 0x63efe437dc0b <unknown>\n   #3 0x63efe437def1 <unknown>\n   #4 0x63efe43c1b64 <unknown>\n   #5 0x63efe43a090d <unknown>\n   #6 0x63efe43bf08a <unknown>\n   #7 0x63efe43a0683 <unknown>\n   #8 0x63efe4370d71 <unknown>\n   #9 0x63efe43717de <unknown>\n   #10 0x63efe46252ab <unknown>\n   #11 0x63efe4629242 <unknown>\n   #12 0x63efe4612665 <unknown>\n   #13 0x63efe4629dd2 <unknown>\n   #14 0x63efe45f72af <unknown>\n   #15 0x63efe464ceb8 <unknown>\n   #16 0x63efe464d090 <unknown>\n   #17 0x63efe465c4ec <unknown>\n   #18 0x773b76894ac3 <unknown>\n       AssertionError: Something went wrong\n       assert 1 == 0\n", "test_name": "test_home_page", "rerun": "0"}}, "suite_name": "test_home_page.py"}}}, "date": "August 03, 2024", "start_time": 1722669342.593382, "total_suite": 1, "status": "FAIL", "status_list": {"pass": "0", "fail": "1", "skip": "0", "error": "0", "xpass": "0", "xfail": "0", "rerun": "0"}, "total_tests": "1"}