{"content": {"suites": {"0": {"status": {"total_pass": 1, "total_skip": 0, "total_xpass": 0, "total_xfail": 0, "total_rerun": 0, "total_fail": 1, "total_error": 0}, "tests": {"0": {"status": "PASS", "message": "", "test_name": "test_reset_pwd", "rerun": "0"}, "1": {"status": "FAIL", "message": "   selenium.common.exceptions.ElementNotInteractableException: Message: element not interactable\n     (Session info: chrome=127.0.6533.88)\n   Stacktrace:\n   #0 0x646eea1f771a <unknown>\n   #1 0x646ee9ec8481 <unknown>\n   #2 0x646ee9f18eef <unknown>\n   #3 0x646ee9f0cc26 <unknown>\n   #4 0x646ee9f3a8e2 <unknown>\n   #5 0x646ee9f0c5d9 <unknown>\n   #6 0x646ee9f3aaae <unknown>\n   #7 0x646ee9f5908a <unknown>\n   #8 0x646ee9f3a683 <unknown>\n   #9 0x646ee9f0ad71 <unknown>\n   #10 0x646ee9f0b7de <unknown>\n   #11 0x646eea1bf2ab <unknown>\n   #12 0x646eea1c3242 <unknown>\n   #13 0x646eea1ac665 <unknown>\n   #14 0x646eea1c3dd2 <unknown>\n   #15 0x646eea1912af <unknown>\n   #16 0x646eea1e6eb8 <unknown>\n   #17 0x646eea1e7090 <unknown>\n   #18 0x646eea1f64ec <unknown>\n   #19 0x72cda3494ac3 <unknown>\n       AssertionError: Error\n       assert 1 == 0\n", "test_name": "test_wrng_reset_pwd", "rerun": "0"}}, "suite_name": "test_reset_pwd.py"}}}, "date": "August 01, 2024", "start_time": 1722513451.1369014, "total_suite": 1, "status": "FAIL", "status_list": {"pass": "1", "fail": "1", "skip": "0", "error": "0", "xpass": "0", "xfail": "0", "rerun": "0"}, "total_tests": "2"}