{"content": {"suites": {"0": {"status": {"total_pass": 1, "total_skip": 0, "total_xpass": 0, "total_xfail": 0, "total_rerun": 0, "total_fail": 0, "total_error": 0}, "tests": {"0": {"status": "PASS", "message": "", "test_name": "test_closePopUp", "rerun": "0"}}, "suite_name": "test_close_popup.py"}, "1": {"suite_name": "test_create_account.py", "tests": {"0": {"status": "FAIL", "message": "   selenium.common.exceptions.NoSuchElementException: Message: no such element: Unable to locate element: {\"method\":\"xpath\",\"selector\":\"//*[@id=\"bs-6\"]/span/div/div/div/div/h4\"}\n     (Session info: chrome=127.0.6533.88); For documentation on this error, please visit: https://www.selenium.dev/documentation/webdriver/troubleshooting/errors#no-such-element-exception\n   Stacktrace:\n   #0 0x5e818b7ac71a <unknown>\n   #1 0x5e818b47d640 <unknown>\n   #2 0x5e818b4ccc0b <unknown>\n   #3 0x5e818b4ccef1 <unknown>\n   #4 0x5e818b510b64 <unknown>\n   #5 0x5e818b4ef90d <unknown>\n   #6 0x5e818b50e08a <unknown>\n   #7 0x5e818b4ef683 <unknown>\n   #8 0x5e818b4bfd71 <unknown>\n   #9 0x5e818b4c07de <unknown>\n   #10 0x5e818b7742ab <unknown>\n   #11 0x5e818b778242 <unknown>\n   #12 0x5e818b761665 <unknown>\n   #13 0x5e818b778dd2 <unknown>\n   #14 0x5e818b7462af <unknown>\n   #15 0x5e818b79beb8 <unknown>\n   #16 0x5e818b79c090 <unknown>\n   #17 0x5e818b7ab4ec <unknown>\n   #18 0x7e45ff894ac3 <unknown>\n", "test_name": "test_create_account", "rerun": "0"}}, "status": {"total_pass": 0, "total_skip": 0, "total_xpass": 0, "total_xfail": 0, "total_rerun": 0, "total_fail": 1, "total_error": 0}}, "2": {"suite_name": "test_join_us.py", "tests": {"0": {"status": "PASS", "message": "", "test_name": "test_join_us_loggedOut", "rerun": "0"}, "1": {"status": "FAIL", "message": "   selenium.common.exceptions.NoSuchElementException: Message: no such element: Unable to locate element: {\"method\":\"xpath\",\"selector\":\"//*[@id=\"4\"]\"}\n     (Session info: chrome=127.0.6533.88); For documentation on this error, please visit: https://www.selenium.dev/documentation/webdriver/troubleshooting/errors#no-such-element-exception\n   Stacktrace:\n   #0 0x572cfccd971a <unknown>\n   #1 0x572cfc9aa640 <unknown>\n   #2 0x572cfc9f9c0b <unknown>\n   #3 0x572cfc9f9ef1 <unknown>\n   #4 0x572cfca3db64 <unknown>\n   #5 0x572cfca1c90d <unknown>\n   #6 0x572cfca3b08a <unknown>\n   #7 0x572cfca1c683 <unknown>\n   #8 0x572cfc9ecd71 <unknown>\n   #9 0x572cfc9ed7de <unknown>\n   #10 0x572cfcca12ab <unknown>\n   #11 0x572cfcca5242 <unknown>\n   #12 0x572cfcc8e665 <unknown>\n   #13 0x572cfcca5dd2 <unknown>\n   #14 0x572cfcc732af <unknown>\n   #15 0x572cfccc8eb8 <unknown>\n   #16 0x572cfccc9090 <unknown>\n   #17 0x572cfccd84ec <unknown>\n   #18 0x77d757694ac3 <unknown>\n", "test_name": "test_join_us_login", "rerun": "0"}}, "status": {"total_pass": 1, "total_skip": 0, "total_xpass": 0, "total_xfail": 0, "total_rerun": 0, "total_fail": 1, "total_error": 0}}, "3": {"suite_name": "test_login.py", "tests": {"0": {"status": "PASS", "message": "", "test_name": "test_login", "rerun": "0"}, "1": {"status": "FAIL", "message": "   selenium.common.exceptions.NoSuchElementException: Message: no such element: Unable to locate element: {\"method\":\"xpath\",\"selector\":\"//*[@id=\"4\"]\"}\n     (Session info: chrome=127.0.6533.88); For documentation on this error, please visit: https://www.selenium.dev/documentation/webdriver/troubleshooting/errors#no-such-element-exception\n   Stacktrace:\n   #0 0x5e8a8adaf71a <unknown>\n   #1 0x5e8a8aa80640 <unknown>\n   #2 0x5e8a8aacfc0b <unknown>\n   #3 0x5e8a8aacfef1 <unknown>\n   #4 0x5e8a8ab13b64 <unknown>\n   #5 0x5e8a8aaf290d <unknown>\n   #6 0x5e8a8ab1108a <unknown>\n   #7 0x5e8a8aaf2683 <unknown>\n   #8 0x5e8a8aac2d71 <unknown>\n   #9 0x5e8a8aac37de <unknown>\n   #10 0x5e8a8ad772ab <unknown>\n   #11 0x5e8a8ad7b242 <unknown>\n   #12 0x5e8a8ad64665 <unknown>\n   #13 0x5e8a8ad7bdd2 <unknown>\n   #14 0x5e8a8ad492af <unknown>\n   #15 0x5e8a8ad9eeb8 <unknown>\n   #16 0x5e8a8ad9f090 <unknown>\n   #17 0x5e8a8adae4ec <unknown>\n   #18 0x7579eb494ac3 <unknown>\n       AssertionError: Login failed\n       assert 1 == 0\n", "test_name": "test_wrong_login", "rerun": "0"}}, "status": {"total_pass": 1, "total_skip": 0, "total_xpass": 0, "total_xfail": 0, "total_rerun": 0, "total_fail": 1, "total_error": 0}}, "4": {"suite_name": "test_logout.py", "tests": {"0": {"status": "PASS", "message": "", "test_name": "test_logout", "rerun": "0"}}, "status": {"total_pass": 1, "total_skip": 0, "total_xpass": 0, "total_xfail": 0, "total_rerun": 0, "total_fail": 0, "total_error": 0}}, "5": {"suite_name": "test_myAccount.py", "tests": {"0": {"status": "PASS", "message": "", "test_name": "test_myAccount", "rerun": "0"}}, "status": {"total_pass": 1, "total_skip": 0, "total_xpass": 0, "total_xfail": 0, "total_rerun": 0, "total_fail": 0, "total_error": 0}}, "6": {"suite_name": "test_reset_pwd.py", "tests": {"0": {"status": "FAIL", "message": "   selenium.common.exceptions.ElementNotInteractableException: Message: element not interactable\n     (Session info: chrome=127.0.6533.88)\n   Stacktrace:\n   #0 0x622d4351271a <unknown>\n   #1 0x622d431e3481 <unknown>\n   #2 0x622d43233eef <unknown>\n   #3 0x622d43227c26 <unknown>\n   #4 0x622d432558e2 <unknown>\n   #5 0x622d432275d9 <unknown>\n   #6 0x622d43255aae <unknown>\n   #7 0x622d4327408a <unknown>\n   #8 0x622d43255683 <unknown>\n   #9 0x622d43225d71 <unknown>\n   #10 0x622d432267de <unknown>\n   #11 0x622d434da2ab <unknown>\n   #12 0x622d434de242 <unknown>\n   #13 0x622d434c7665 <unknown>\n   #14 0x622d434dedd2 <unknown>\n   #15 0x622d434ac2af <unknown>\n   #16 0x622d43501eb8 <unknown>\n   #17 0x622d43502090 <unknown>\n   #18 0x622d435114ec <unknown>\n   #19 0x754273494ac3 <unknown>\n       AssertionError: Error\n       assert 1 == 0\n", "test_name": "test_reset_pwd", "rerun": "0"}, "1": {"status": "FAIL", "message": "   selenium.common.exceptions.WebDriverException: Message: target frame detached: received Inspector.detached event\n     (failed to check if window was closed: disconnected: not connected to DevTools)\n     (Session info: chrome=127.0.6533.88)\n   Stacktrace:\n   #0 0x55afaf18571a <unknown>\n   #1 0x55afaee56640 <unknown>\n   #2 0x55afaee3fd9d <unknown>\n   #3 0x55afaee3ec26 <unknown>\n   #4 0x55afaee3e39f <unknown>\n   #5 0x55afaee3e292 <unknown>\n   #6 0x55afaee3c5ac <unknown>\n   #7 0x55afaee3ca9f <unknown>\n   #8 0x55afaee4c60b <unknown>\n   #9 0x55afaee629a4 <unknown>\n   #10 0x55afaee6803b <unknown>\n   #11 0x55afaee3d1ae <unknown>\n   #12 0x55afaee624f1 <unknown>\n   #13 0x55afaeee72f3 <unknown>\n   #14 0x55afaeec8683 <unknown>\n   #15 0x55afaee98d71 <unknown>\n   #16 0x55afaee997de <unknown>\n   #17 0x55afaf14d2ab <unknown>\n   #18 0x55afaf151242 <unknown>\n   #19 0x55afaf13a665 <unknown>\n   #20 0x55afaf151dd2 <unknown>\n   #21 0x55afaf11f2af <unknown>\n   #22 0x55afaf174eb8 <unknown>\n   #23 0x55afaf175090 <unknown>\n   #24 0x55afaf1844ec <unknown>\n   #25 0x7c8b42094ac3 <unknown>\n       AssertionError: Error\n       assert 1 == 0\n", "test_name": "test_wrng_reset_pwd", "rerun": "0"}}, "status": {"total_pass": 0, "total_skip": 0, "total_xpass": 0, "total_xfail": 0, "total_rerun": 0, "total_fail": 2, "total_error": 0}}}}, "date": "August 02, 2024", "start_time": 1722578050.9016836, "total_suite": 7, "status": "FAIL", "status_list": {"pass": "5", "fail": "5", "skip": "0", "error": "0", "xpass": "0", "xfail": "0", "rerun": "0"}, "total_tests": "10"}