{"content": {"suites": {"0": {"status": {"total_pass": 0, "total_skip": 0, "total_xpass": 0, "total_xfail": 0, "total_rerun": 0, "total_fail": 1, "total_error": 0}, "tests": {"0": {"status": "FAIL", "message": "   selenium.common.exceptions.NoSuchElementException: Message: no such element: Unable to locate element: {\"method\":\"xpath\",\"selector\":\"//*[@id=\"bs-8\"]/span/div/div/div/form/div[1]/div/div/input\"}\n     (Session info: chrome=127.0.6533.88); For documentation on this error, please visit: https://www.selenium.dev/documentation/webdriver/troubleshooting/errors#no-such-element-exception\n   Stacktrace:\n   #0 0x623f65f3371a <unknown>\n   #1 0x623f65c04640 <unknown>\n   #2 0x623f65c53c0b <unknown>\n   #3 0x623f65c53ef1 <unknown>\n   #4 0x623f65c97b64 <unknown>\n   #5 0x623f65c7690d <unknown>\n   #6 0x623f65c9508a <unknown>\n   #7 0x623f65c76683 <unknown>\n   #8 0x623f65c46d71 <unknown>\n   #9 0x623f65c477de <unknown>\n   #10 0x623f65efb2ab <unknown>\n   #11 0x623f65eff242 <unknown>\n   #12 0x623f65ee8665 <unknown>\n   #13 0x623f65effdd2 <unknown>\n   #14 0x623f65ecd2af <unknown>\n   #15 0x623f65f22eb8 <unknown>\n   #16 0x623f65f23090 <unknown>\n   #17 0x623f65f324ec <unknown>\n   #18 0x78f00c694ac3 <unknown>\n       AssertionError: Something went wrong\n       assert 1 == 0\n", "test_name": "test_home_page", "rerun": "0"}}, "suite_name": "test_home_page.py"}}}, "date": "August 03, 2024", "start_time": 1722669422.7545176, "total_suite": 1, "status": "FAIL", "status_list": {"pass": "0", "fail": "1", "skip": "0", "error": "0", "xpass": "0", "xfail": "0", "rerun": "0"}, "total_tests": "1"}